/*C3*/SET SCHEMA PUBLIC
INSERT INTO PERSON VALUES(114,0,'person 0')
INSERT INTO PHONE VALUES(91,'1234',114)
INSERT INTO PERSON VALUES(115,0,'person 1')
INSERT INTO PHONE VALUES(92,'1234',115)
INSERT INTO PERSON VALUES(116,0,'person 2')
INSERT INTO PHONE VALUES(93,'1234',116)
INSERT INTO PERSON VALUES(117,0,'person 3')
INSERT INTO PHONE VALUES(94,'1234',117)
INSERT INTO PERSON VALUES(118,0,'person 4')
INSERT INTO PHONE VALUES(95,'1234',118)
INSERT INTO PERSON VALUES(119,0,'person 5')
INSERT INTO PHONE VALUES(96,'1234',119)
INSERT INTO PERSON VALUES(120,0,'person 6')
INSERT INTO PHONE VALUES(97,'1234',120)
INSERT INTO PERSON VALUES(121,0,'person 7')
INSERT INTO PHONE VALUES(98,'1234',121)
INSERT INTO PERSON VALUES(122,0,'person 8')
INSERT INTO PHONE VALUES(99,'1234',122)
INSERT INTO PERSON VALUES(123,0,'person 9')
INSERT INTO PHONE VALUES(100,'1234',123)
COMMIT
DISCONNECT
